[debug] [2020-04-12T06:18:03.072Z] ----------------------------------------------------------------------
[debug] [2020-04-12T06:18:03.074Z] Command:       /usr/local/bin/node /usr/local/bin/firebase deploy
[debug] [2020-04-12T06:18:03.074Z] CLI Version:   7.15.1
[debug] [2020-04-12T06:18:03.074Z] Platform:      darwin
[debug] [2020-04-12T06:18:03.074Z] Node Version:  v12.14.1
[debug] [2020-04-12T06:18:03.075Z] Time:          Sun Apr 12 2020 00:18:03 GMT-0600 (Mountain Daylight Time)
[debug] [2020-04-12T06:18:03.075Z] ----------------------------------------------------------------------
[debug] [2020-04-12T06:18:03.075Z] 
[debug] [2020-04-12T06:18:03.087Z] > command requires scopes: ["email","openid","https://www.googleapis.com/auth/cloudplatformprojects.readonly","https://www.googleapis.com/auth/firebase","https://www.googleapis.com/auth/cloud-platform"]
[debug] [2020-04-12T06:18:03.087Z] > authorizing via signed-in user
[debug] [2020-04-12T06:18:03.087Z] [iam] checking project portfolio-miwha-v2 for permissions ["firebase.projects.get","firebasehosting.sites.update"]
[debug] [2020-04-12T06:18:03.089Z] > refreshing access token with scopes: ["email","https://www.googleapis.com/auth/cloud-platform","https://www.googleapis.com/auth/cloudplatformprojects.readonly","https://www.googleapis.com/auth/firebase","openid"]
[debug] [2020-04-12T06:18:03.090Z] >>> HTTP REQUEST POST https://www.googleapis.com/oauth2/v3/token  
 <request body omitted>
[debug] [2020-04-12T06:18:03.257Z] <<< HTTP RESPONSE 200
[debug] [2020-04-12T06:18:03.266Z] >>> HTTP REQUEST POST https://cloudresourcemanager.googleapis.com/v1/projects/portfolio-miwha-v2:testIamPermissions  

[debug] [2020-04-12T06:18:03.524Z] <<< HTTP RESPONSE 200
[debug] [2020-04-12T06:18:03.526Z] >>> HTTP REQUEST GET https://firebase.googleapis.com/v1beta1/projects/portfolio-miwha-v2  
 
[debug] [2020-04-12T06:18:03.785Z] <<< HTTP RESPONSE 200
[info] 
[info] === Deploying to 'portfolio-miwha-v2'...
[info] 
[info] i  deploying hosting
[debug] [2020-04-12T06:18:03.791Z] >>> HTTP REQUEST POST https://firebasehosting.googleapis.com/v1beta1/sites/portfolio-miwha-v2/versions  

[debug] [2020-04-12T06:18:04.372Z] <<< HTTP RESPONSE 200
[info] i  hosting[portfolio-miwha-v2]: beginning deploy...
[info] i  hosting[portfolio-miwha-v2]: found 26 files in build
[debug] [2020-04-12T06:18:07.252Z] [hosting] hash cache [YnVpbGQ] stored for 26 files
[debug] [2020-04-12T06:18:07.253Z] [hosting][hash queue][FINAL]
[debug] [2020-04-12T06:18:07.253Z] >>> HTTP REQUEST POST https://firebasehosting.googleapis.com/v1beta1/sites/portfolio-miwha-v2/versions/a053aaf4ea41fef4:populateFiles  
 <request body omitted>
[debug] [2020-04-12T06:18:07.845Z] <<< HTTP RESPONSE 200
[debug] [2020-04-12T06:18:07.854Z] [hosting][populate queue][FINAL]
[debug] [2020-04-12T06:18:07.854Z] [hosting] uploads queued: 10
